Arguments: 
  C:\Users\mael\scoop\apps\nodejs\current\node.exe C:\Users\mael\scoop\apps\yarn\current\bin\yarn.js add bostrap

PATH: 
  C:\Program Files (x86)\Common Files\Oracle\Java\javapath;C:\Windows\system32;C:\Windows;C:\Windows\System32\Wbem;C:\Windows\System32\WindowsPowerShell\v1.0\;C:\Windows\System32\OpenSSH\;C:\wamp64.3\bin\php\php8.2.1;C:\ProgramData\ComposerSetup\bin;C:\Program Files\PuTTY\;C:\Program Files (x86)\Windows Kits\10\Windows Performance Toolkit\;C:\Program Files\Microsoft SQL Server\150\Tools\Binn\;C:\Program Files\Microsoft SQL Server\Client SDK\ODBC\170\Tools\Binn\;C:\Program Files\dotnet\;C:\Users\mael\scoop\apps\nodejs\current\bin;C:\Users\mael\scoop\apps\nodejs\current;C:\Users\mael\scoop\apps\nvs\current;C:\Users\mael\scoop\apps\nvm\current\nodejs\nodejs;C:\Users\mael\scoop\apps\yarn\current\global\node_modules\.bin;C:\Users\mael\scoop\apps\yarn\current\bin;C:\Users\mael\.symfony5\tmp\cdbtqp0gqcogou6ouqig\bin;C:\wamp64\bin\php\php7.3.33;C:\Windows\system32;C:\Windows;C:\Windows\System32\Wbem;C:\Windows\System32\WindowsPowerShell\v1.0\;C:\Windows\System32\OpenSSH\;C:\ProgramData\ComposerSetup\bin;C:\Users\mael\scoop\shims;C:\Users\mael\AppData\Local\Microsoft\WindowsApps;C:\Users\mael\AppData\Local\Programs\Git\cmd;C:\Users\mael\PhpstormProjects\Atlasip\node_modules\.bin;C:\Users\mael\.platformsh\bin;C:\Users\mael\AppData\Local\Programs\Microsoft VS Code\bin

Yarn version: 
  1.22.19

Node version: 
  19.5.0

Platform: 
  win32 x64

Trace: 
  Error: https://registry.yarnpkg.com/bostrap: Not found
      at params.callback [as _callback] (C:\Users\mael\scoop\apps\yarn\1.22.19\lib\cli.js:66145:18)
      at self.callback (C:\Users\mael\scoop\apps\yarn\1.22.19\lib\cli.js:140890:22)
      at Request.emit (node:events:512:28)
      at Request.<anonymous> (C:\Users\mael\scoop\apps\yarn\1.22.19\lib\cli.js:141862:10)
      at Request.emit (node:events:512:28)
      at IncomingMessage.<anonymous> (C:\Users\mael\scoop\apps\yarn\1.22.19\lib\cli.js:141784:12)
      at Object.onceWrapper (node:events:626:28)
      at IncomingMessage.emit (node:events:524:35)
      at endReadableNT (node:internal/streams/readable:1359:12)
      at process.processTicksAndRejections (node:internal/process/task_queues:82:21)

npm manifest: 
  {
    "dependencies": {
      "jquery": "^3.6.3"
    }
  }

yarn manifest: 
  No manifest

Lockfile: 
  # THIS IS AN AUTOGENERATED FILE. DO NOT EDIT THIS FILE DIRECTLY.
  # yarn lockfile v1
  
  
  jquery@^3.6.3:
    version "3.6.3"
    resolved "https://registry.yarnpkg.com/jquery/-/jquery-3.6.3.tgz#23ed2ffed8a19e048814f13391a19afcdba160e6"
    integrity sha512-bZ5Sy3YzKo9Fyc8wH2iIQK4JImJ6R0GWI9kL1/k7Z91ZBNgkRXE6U0JfHIizZbort8ZunhSI3jw9I6253ahKfg==
